<?xml version="1.0" encoding="UTF-8"?>
<!-- Generated by org.testng.reporters.JUnitReportReporter -->
<testsuite skipped="0" hostname="MININT-SMKHDAE" name="com.learnautomation.testcases.LoginTestHRM" tests="1" failures="0" timestamp="25 Dec 2019 17:01:00 GMT" time="4.264" errors="0">
  <testcase name="loginToApp" time="4.264" classname="com.learnautomation.testcases.LoginTestHRM"/>
</testsuite> <!-- com.learnautomation.testcases.LoginTestHRM -->
